<?xml version="1.0" encoding="UTF-8"?>
<!-- Generated by org.testng.reporters.JUnitReportReporter -->
<testsuite hostname="Bob" name="SeleniumTraining.PHP.DataProviderSample" tests="3" failures="0" timestamp="17 Dec 2017 18:28:50 GMT" time="0.031" errors="0">
  <testcase name="setData" time="0.000" classname="SeleniumTraining.PHP.DataProviderSample"/>
  <testcase name="setData" time="0.015" classname="SeleniumTraining.PHP.DataProviderSample"/>
  <testcase name="setData" time="0.016" classname="SeleniumTraining.PHP.DataProviderSample"/>
</testsuite> <!-- SeleniumTraining.PHP.DataProviderSample -->
