<?xml version="1.0" encoding="UTF-8"?>
<!-- Generated by org.testng.reporters.JUnitReportReporter -->
<testsuite hostname="Bob" name="SeleniumTraining.PHP.ParallelExecution" tests="4" failures="0" timestamp="17 Dec 2017 17:54:44 GMT" time="27.208" errors="0">
  <testcase name="f" time="5.753" classname="SeleniumTraining.PHP.ParallelExecution"/>
  <testcase name="f" time="7.902" classname="SeleniumTraining.PHP.ParallelExecution"/>
  <testcase name="f" time="6.255" classname="SeleniumTraining.PHP.ParallelExecution"/>
  <testcase name="f" time="7.298" classname="SeleniumTraining.PHP.ParallelExecution"/>
</testsuite> <!-- SeleniumTraining.PHP.ParallelExecution -->
