<?xml version="1.0" encoding="UTF-8"?>
<!-- Generated by org.testng.reporters.JUnitReportReporter -->
<testsuite hostname="Bob" name="SeleniumTraining.PHP.PhPCollabTest" tests="2" failures="0" timestamp="12 Dec 2017 20:30:07 GMT" time="42.341" errors="0">
  <testcase name="CreateUser" time="35.968" classname="SeleniumTraining.PHP.PhPCollabTest"/>
  <testcase name="CreateProject" time="6.373" classname="SeleniumTraining.PHP.PhPCollabTest"/>
</testsuite> <!-- SeleniumTraining.PHP.PhPCollabTest -->
